<?xml version="1.0" encoding="UTF-8"?>
<testng-results ignored="0" total="1" passed="1" failed="0" skipped="0">
  <reporter-output>
  </reporter-output>
  <suite started-at="2025-07-04T20:43:53 EET" name="Default suite" finished-at="2025-07-04T20:43:55 EET" duration-ms="1729">
    <groups>
    </groups>
    <test started-at="2025-07-04T20:43:53 EET" name="Default test" finished-at="2025-07-04T20:43:55 EET" duration-ms="1729">
      <class name="login.MyTestcases">
        <test-method is-config="true" signature="mySetup()[pri:0, instance:login.MyTestcases@44e3a2b2]" started-at="2025-07-04T20:43:53 EET" name="mySetup" finished-at="2025-07-04T20:43:55 EET" duration-ms="1671" status="PASS">
          <reporter-output>
          </reporter-output>
        </test-method> <!-- mySetup -->
        <test-method signature="myFirstTest()[pri:0, instance:login.MyTestcases@44e3a2b2]" started-at="2025-07-04T20:43:55 EET" name="myFirstTest" finished-at="2025-07-04T20:43:55 EET" duration-ms="8" status="PASS">
          <reporter-output>
          </reporter-output>
        </test-method> <!-- myFirstTest -->
      </class> <!-- login.MyTestcases -->
    </test> <!-- Default test -->
  </suite> <!-- Default suite -->
</testng-results>
